2022-02-08 17:35:56,922  INFO [main] nopCommerceSDET:62 - ************* Launching Browser *****************
2022-02-08 17:48:06,197  INFO [main] nopCommerceSDET:68 - ************* Opening URL  *****************
2022-02-08 17:49:08,671  INFO [main] nopCommerceSDET:62 - ************* Launching Browser *****************
2022-02-08 17:49:30,331  INFO [main] nopCommerceSDET:68 - ************* Opening URL  *****************
2022-02-08 17:49:46,944  INFO [main] nopCommerceSDET:75 - ************* Prvding user and password *****************
2022-02-08 18:15:12,797  INFO [main] nopCommerceSDET:62 - ************* Launching Browser *****************
2022-02-09 14:10:32,165  INFO [main] nopCommerceSDET:68 - ************* Opening URL  *****************
2022-02-09 14:14:39,102  INFO [main] nopCommerceSDET:62 - ************* Launching Browser *****************
2022-02-09 14:14:39,156  INFO [main] nopCommerceSDET:68 - ************* Opening URL  *****************
2022-02-09 14:14:41,119  INFO [main] nopCommerceSDET:76 - ************* Provding user and password *****************
2022-02-09 14:14:41,420  INFO [main] nopCommerceSDET:83 - ************* click on login *****************
2022-02-09 14:14:46,756  INFO [main] nopCommerceSDET:98 - ************* Login Passed *****************
2022-02-09 14:14:49,782  INFO [main] nopCommerceSDET:109 - ************* clciking on logout *****************
2022-02-09 14:14:54,588  INFO [main] nopCommerceSDET:98 - ************* Login Passed *****************
2022-02-09 14:14:57,608  INFO [main] nopCommerceSDET:116 - ************* cloding browser *****************
2022-02-09 20:10:59,895  INFO [main] nopCommerceSDET:62 - ************* Launching Browser *****************
2022-02-09 20:10:59,986  INFO [main] nopCommerceSDET:68 - ************* Opening URL  *****************
2022-02-10 14:12:45,894  INFO [main] nopCommerceSDET:61 - ************* Launching Browser *****************
2022-02-10 14:12:45,980  INFO [main] nopCommerceSDET:67 - ************* Opening URL  *****************
2022-02-10 14:12:49,332  INFO [main] nopCommerceSDET:75 - ************* Provding user and password *****************
2022-02-10 14:12:49,775  INFO [main] nopCommerceSDET:82 - ************* click on login *****************
2022-02-10 14:12:55,762  INFO [main] nopCommerceSDET:97 - ************* Login Passed *****************
2022-02-10 14:12:58,842  INFO [main] nopCommerceSDET:108 - ************* clciking on logout *****************
2022-02-10 14:13:02,959  INFO [main] nopCommerceSDET:97 - ************* Login Passed *****************
2022-02-10 14:13:05,960  INFO [main] nopCommerceSDET:115 - ************* cloding browser *****************
2022-02-10 16:29:09,097  INFO [main] nopCommerceSDET:61 - ************* Launching Browser *****************
2022-02-10 16:29:09,145  INFO [main] nopCommerceSDET:67 - ************* Opening URL  *****************
2022-02-10 16:29:11,044  INFO [main] nopCommerceSDET:75 - ************* Provding user and password *****************
2022-02-10 16:29:11,342  INFO [main] nopCommerceSDET:82 - ************* click on login *****************
2022-02-10 16:29:14,615  INFO [main] nopCommerceSDET:97 - ************* Login Passed *****************
2022-02-10 16:29:17,654  INFO [main] nopCommerceSDET:108 - ************* clciking on logout *****************
2022-02-10 16:29:22,038  INFO [main] nopCommerceSDET:97 - ************* Login Passed *****************
2022-02-10 16:29:25,055  INFO [main] nopCommerceSDET:115 - ************* cloding browser *****************
2022-02-10 16:31:37,704  INFO [main] nopCommerceSDET:61 - ************* Launching Browser *****************
2022-02-10 16:31:37,746  INFO [main] nopCommerceSDET:67 - ************* Opening URL  *****************
2022-02-10 16:31:39,921  INFO [main] nopCommerceSDET:75 - ************* Provding user and password *****************
2022-02-10 16:31:40,246  INFO [main] nopCommerceSDET:82 - ************* click on login *****************
2022-02-10 16:31:43,650  INFO [main] nopCommerceSDET:125 - ********* Verifying Dashboad page title after login successful **************
2022-02-10 16:31:46,682  INFO [main] nopCommerceSDET:132 - ********* Clicking on customer main menu **************
2022-02-10 16:31:48,807  INFO [main] nopCommerceSDET:139 - ********* Clicking on customer sub menu **************
2022-02-10 16:32:00,869  INFO [main] nopCommerceSDET:184 - ********* Saving customer details **************
2022-02-10 16:32:04,171  INFO [main] nopCommerceSDET:115 - ************* cloding browser *****************
2022-02-10 16:43:50,573  INFO [main] nopCommerceSDET:61 - ************* Launching Browser *****************
2022-02-10 16:43:50,638  INFO [main] nopCommerceSDET:67 - ************* Opening URL  *****************
2022-02-10 16:43:52,766  INFO [main] nopCommerceSDET:75 - ************* Provding user and password *****************
2022-02-10 16:43:53,097  INFO [main] nopCommerceSDET:82 - ************* click on login *****************
2022-02-10 16:43:55,570  INFO [main] nopCommerceSDET:125 - ********* Verifying Dashboad page title after login successful **************
2022-02-10 16:43:58,597  INFO [main] nopCommerceSDET:132 - ********* Clicking on customer main menu **************
2022-02-10 16:44:00,732  INFO [main] nopCommerceSDET:139 - ********* Clicking on customer sub menu **************
2022-02-10 16:44:13,029  INFO [main] nopCommerceSDET:184 - ********* Saving customer details **************
2022-02-10 16:44:16,359  INFO [main] nopCommerceSDET:115 - ************* cloding browser *****************
2022-02-10 18:11:14,243  INFO [main] nopCommerceSDET:61 - ************* Launching Browser *****************
2022-02-10 18:11:14,321  INFO [main] nopCommerceSDET:67 - ************* Opening URL  *****************
2022-02-10 18:11:16,423  INFO [main] nopCommerceSDET:75 - ************* Provding user and password *****************
2022-02-10 18:11:16,758  INFO [main] nopCommerceSDET:82 - ************* click on login *****************
2022-02-10 18:11:20,173  INFO [main] nopCommerceSDET:125 - ********* Verifying Dashboad page title after login successful **************
2022-02-10 18:11:23,186  INFO [main] nopCommerceSDET:132 - ********* Clicking on customer main menu **************
2022-02-10 18:11:25,294  INFO [main] nopCommerceSDET:139 - ********* Clicking on customer sub menu **************
2022-02-10 18:21:25,389  INFO [main] nopCommerceSDET:61 - ************* Launching Browser *****************
2022-02-10 18:21:25,468  INFO [main] nopCommerceSDET:67 - ************* Opening URL  *****************
2022-02-10 18:21:27,348  INFO [main] nopCommerceSDET:75 - ************* Provding user and password *****************
2022-02-10 18:21:27,696  INFO [main] nopCommerceSDET:82 - ************* click on login *****************
2022-02-10 18:21:30,918  INFO [main] nopCommerceSDET:125 - ********* Verifying Dashboad page title after login successful **************
2022-02-10 18:21:33,936  INFO [main] nopCommerceSDET:132 - ********* Clicking on customer main menu **************
2022-02-10 18:21:36,045  INFO [main] nopCommerceSDET:139 - ********* Clicking on customer sub menu **************
2022-02-11 11:43:01,213  INFO [main] nopCommerceSDET:63 - ************* Launching Browser *****************
2022-02-11 11:43:01,270  INFO [main] nopCommerceSDET:69 - ************* Opening URL  *****************
2022-02-11 11:43:03,042  INFO [main] nopCommerceSDET:77 - ************* Provding user and password *****************
2022-02-11 11:43:03,355  INFO [main] nopCommerceSDET:84 - ************* click on login *****************
2022-02-11 11:43:06,306  INFO [main] nopCommerceSDET:127 - ********* Verifying Dashboad page title after login successful **************
2022-02-11 11:43:09,329  INFO [main] nopCommerceSDET:134 - ********* Clicking on customer main menu **************
2022-02-11 11:43:11,435  INFO [main] nopCommerceSDET:141 - ********* Clicking on customer sub menu **************
2022-02-11 11:48:47,072  INFO [main] nopCommerceSDET:63 - ************* Launching Browser *****************
2022-02-11 11:48:47,113  INFO [main] nopCommerceSDET:69 - ************* Opening URL  *****************
2022-02-11 11:48:49,017  INFO [main] nopCommerceSDET:77 - ************* Provding user and password *****************
2022-02-11 11:48:49,330  INFO [main] nopCommerceSDET:84 - ************* click on login *****************
2022-02-11 11:48:52,293  INFO [main] nopCommerceSDET:127 - ********* Verifying Dashboad page title after login successful **************
2022-02-11 11:48:55,312  INFO [main] nopCommerceSDET:134 - ********* Clicking on customer main menu **************
2022-02-11 11:48:57,440  INFO [main] nopCommerceSDET:141 - ********* Clicking on customer sub menu **************
2022-02-11 11:50:55,434  INFO [main] nopCommerceSDET:63 - ************* Launching Browser *****************
2022-02-11 11:50:55,504  INFO [main] nopCommerceSDET:69 - ************* Opening URL  *****************
2022-02-11 11:50:56,680  INFO [main] nopCommerceSDET:77 - ************* Provding user and password *****************
2022-02-11 11:50:56,997  INFO [main] nopCommerceSDET:84 - ************* click on login *****************
2022-02-11 11:50:59,312  INFO [main] nopCommerceSDET:127 - ********* Verifying Dashboad page title after login successful **************
2022-02-11 11:51:02,325  INFO [main] nopCommerceSDET:134 - ********* Clicking on customer main menu **************
2022-02-11 11:51:04,443  INFO [main] nopCommerceSDET:141 - ********* Clicking on customer sub menu **************
2022-02-11 13:26:30,061  INFO [main] nopCommerceSDET:63 - ************* Launching Browser *****************
2022-02-11 13:26:30,133  INFO [main] nopCommerceSDET:69 - ************* Opening URL  *****************
2022-02-11 13:26:31,987  INFO [main] nopCommerceSDET:77 - ************* Provding user and password *****************
2022-02-11 13:26:32,311  INFO [main] nopCommerceSDET:84 - ************* click on login *****************
2022-02-11 13:26:35,371  INFO [main] nopCommerceSDET:127 - ********* Verifying Dashboad page title after login successful **************
2022-02-11 13:26:38,433  INFO [main] nopCommerceSDET:134 - ********* Clicking on customer main menu **************
2022-02-11 13:26:40,533  INFO [main] nopCommerceSDET:141 - ********* Clicking on customer sub menu **************
2022-02-11 13:26:52,338  INFO [main] nopCommerceSDET:188 - ********* Saving customer details **************
2022-02-11 13:26:55,720  INFO [main] nopCommerceSDET:117 - ************* cloding browser *****************
2022-02-11 13:27:10,181  INFO [main] nopCommerceSDET:63 - ************* Launching Browser *****************
2022-02-11 13:27:10,243  INFO [main] nopCommerceSDET:69 - ************* Opening URL  *****************
2022-02-11 13:27:11,271  INFO [main] nopCommerceSDET:77 - ************* Provding user and password *****************
2022-02-11 13:27:11,619  INFO [main] nopCommerceSDET:84 - ************* click on login *****************
2022-02-11 13:27:14,328  INFO [main] nopCommerceSDET:127 - ********* Verifying Dashboad page title after login successful **************
2022-02-11 13:27:17,347  INFO [main] nopCommerceSDET:134 - ********* Clicking on customer main menu **************
2022-02-11 13:27:19,456  INFO [main] nopCommerceSDET:141 - ********* Clicking on customer sub menu **************
2022-02-11 13:27:31,185  INFO [main] nopCommerceSDET:188 - ********* Saving customer details **************
2022-02-11 13:27:34,479  INFO [main] nopCommerceSDET:117 - ************* cloding browser *****************
2022-02-11 15:37:50,079  INFO [main] nopCommerceSDET:63 - ************* Launching Browser *****************
2022-02-11 15:37:50,132  INFO [main] nopCommerceSDET:69 - ************* Opening URL  *****************
2022-02-11 15:37:52,022  INFO [main] nopCommerceSDET:77 - ************* Provding user and password *****************
2022-02-11 15:37:52,320  INFO [main] nopCommerceSDET:84 - ************* click on login *****************
2022-02-11 15:37:55,654  INFO [main] nopCommerceSDET:127 - ********* Verifying Dashboad page title after login successful **************
2022-02-11 15:37:58,678  INFO [main] nopCommerceSDET:134 - ********* Clicking on customer main menu **************
2022-02-11 15:38:00,776  INFO [main] nopCommerceSDET:141 - ********* Clicking on customer sub menu **************
2022-02-11 15:40:10,609  INFO [main] nopCommerceSDET:63 - ************* Launching Browser *****************
2022-02-11 15:40:10,676  INFO [main] nopCommerceSDET:69 - ************* Opening URL  *****************
2022-02-11 15:40:12,475  INFO [main] nopCommerceSDET:77 - ************* Provding user and password *****************
2022-02-11 15:40:12,789  INFO [main] nopCommerceSDET:84 - ************* click on login *****************
2022-02-11 15:40:15,874  INFO [main] nopCommerceSDET:127 - ********* Verifying Dashboad page title after login successful **************
2022-02-11 15:40:18,885  INFO [main] nopCommerceSDET:134 - ********* Clicking on customer main menu **************
2022-02-11 15:40:20,993  INFO [main] nopCommerceSDET:141 - ********* Clicking on customer sub menu **************
2022-02-11 15:41:47,019  INFO [main] nopCommerceSDET:63 - ************* Launching Browser *****************
2022-02-11 15:41:47,069  INFO [main] nopCommerceSDET:69 - ************* Opening URL  *****************
2022-02-11 15:41:48,934  INFO [main] nopCommerceSDET:77 - ************* Provding user and password *****************
2022-02-11 15:41:49,282  INFO [main] nopCommerceSDET:84 - ************* click on login *****************
2022-02-11 15:41:52,470  INFO [main] nopCommerceSDET:127 - ********* Verifying Dashboad page title after login successful **************
2022-02-11 15:41:55,483  INFO [main] nopCommerceSDET:134 - ********* Clicking on customer main menu **************
2022-02-11 15:41:57,587  INFO [main] nopCommerceSDET:141 - ********* Clicking on customer sub menu **************
2022-02-11 15:42:32,046  INFO [main] nopCommerceSDET:63 - ************* Launching Browser *****************
2022-02-11 15:42:32,099  INFO [main] nopCommerceSDET:69 - ************* Opening URL  *****************
2022-02-11 15:42:34,095  INFO [main] nopCommerceSDET:77 - ************* Provding user and password *****************
2022-02-11 15:42:34,463  INFO [main] nopCommerceSDET:84 - ************* click on login *****************
2022-02-11 15:42:37,947  INFO [main] nopCommerceSDET:127 - ********* Verifying Dashboad page title after login successful **************
2022-02-11 15:42:40,968  INFO [main] nopCommerceSDET:134 - ********* Clicking on customer main menu **************
2022-02-11 15:42:43,078  INFO [main] nopCommerceSDET:141 - ********* Clicking on customer sub menu **************
2022-02-11 15:43:14,196  INFO [main] nopCommerceSDET:63 - ************* Launching Browser *****************
2022-02-11 15:43:14,237  INFO [main] nopCommerceSDET:69 - ************* Opening URL  *****************
2022-02-11 15:43:15,920  INFO [main] nopCommerceSDET:77 - ************* Provding user and password *****************
2022-02-11 15:43:16,291  INFO [main] nopCommerceSDET:84 - ************* click on login *****************
2022-02-11 15:43:19,000  INFO [main] nopCommerceSDET:127 - ********* Verifying Dashboad page title after login successful **************
2022-02-11 15:43:22,013  INFO [main] nopCommerceSDET:134 - ********* Clicking on customer main menu **************
2022-02-11 15:43:24,137  INFO [main] nopCommerceSDET:141 - ********* Clicking on customer sub menu **************
2022-02-11 15:44:32,829  INFO [main] nopCommerceSDET:63 - ************* Launching Browser *****************
2022-02-11 15:44:32,870  INFO [main] nopCommerceSDET:69 - ************* Opening URL  *****************
2022-02-11 15:44:34,850  INFO [main] nopCommerceSDET:77 - ************* Provding user and password *****************
2022-02-11 15:44:35,236  INFO [main] nopCommerceSDET:84 - ************* click on login *****************
2022-02-11 15:44:38,608  INFO [main] nopCommerceSDET:127 - ********* Verifying Dashboad page title after login successful **************
2022-02-11 15:44:41,631  INFO [main] nopCommerceSDET:134 - ********* Clicking on customer main menu **************
2022-02-11 15:44:43,750  INFO [main] nopCommerceSDET:141 - ********* Clicking on customer sub menu **************
2022-02-11 15:47:21,664  INFO [main] nopCommerceSDET:63 - ************* Launching Browser *****************
2022-02-11 15:47:21,724  INFO [main] nopCommerceSDET:69 - ************* Opening URL  *****************
2022-02-11 15:47:48,552  INFO [main] nopCommerceSDET:77 - ************* Provding user and password *****************
2022-02-11 15:47:48,794  INFO [main] nopCommerceSDET:84 - ************* click on login *****************
2022-02-11 15:48:00,954  INFO [main] nopCommerceSDET:127 - ********* Verifying Dashboad page title after login successful **************
2022-02-11 15:48:03,967  INFO [main] nopCommerceSDET:134 - ********* Clicking on customer main menu **************
2022-02-11 15:48:06,119  INFO [main] nopCommerceSDET:141 - ********* Clicking on customer sub menu **************
2022-02-11 15:51:15,427  INFO [main] nopCommerceSDET:63 - ************* Launching Browser *****************
2022-02-11 15:51:15,498  INFO [main] nopCommerceSDET:69 - ************* Opening URL  *****************
2022-02-11 15:51:17,718  INFO [main] nopCommerceSDET:77 - ************* Provding user and password *****************
2022-02-11 15:51:18,184  INFO [main] nopCommerceSDET:84 - ************* click on login *****************
2022-02-11 15:51:21,316  INFO [main] nopCommerceSDET:127 - ********* Verifying Dashboad page title after login successful **************
2022-02-11 15:51:24,338  INFO [main] nopCommerceSDET:134 - ********* Clicking on customer main menu **************
2022-02-11 15:51:26,496  INFO [main] nopCommerceSDET:141 - ********* Clicking on customer sub menu **************
2022-02-11 15:53:46,864  INFO [main] nopCommerceSDET:63 - ************* Launching Browser *****************
2022-02-11 15:53:46,906  INFO [main] nopCommerceSDET:69 - ************* Opening URL  *****************
2022-02-11 15:53:49,165  INFO [main] nopCommerceSDET:77 - ************* Provding user and password *****************
2022-02-11 15:53:49,529  INFO [main] nopCommerceSDET:84 - ************* click on login *****************
2022-02-11 15:53:52,000  INFO [main] nopCommerceSDET:127 - ********* Verifying Dashboad page title after login successful **************
2022-02-11 15:53:55,017  INFO [main] nopCommerceSDET:134 - ********* Clicking on customer main menu **************
2022-02-11 15:53:57,125  INFO [main] nopCommerceSDET:141 - ********* Clicking on customer sub menu **************
2022-02-11 15:54:08,717  INFO [main] nopCommerceSDET:188 - ********* Saving customer details **************
2022-02-11 15:54:12,449  INFO [main] nopCommerceSDET:117 - ************* cloding browser *****************
2022-02-11 15:54:55,365  INFO [main] nopCommerceSDET:63 - ************* Launching Browser *****************
2022-02-11 15:54:55,434  INFO [main] nopCommerceSDET:69 - ************* Opening URL  *****************
2022-02-11 15:54:57,507  INFO [main] nopCommerceSDET:77 - ************* Provding user and password *****************
2022-02-11 15:54:57,912  INFO [main] nopCommerceSDET:84 - ************* click on login *****************
2022-02-11 15:55:01,028  INFO [main] nopCommerceSDET:127 - ********* Verifying Dashboad page title after login successful **************
2022-02-11 15:55:04,053  INFO [main] nopCommerceSDET:134 - ********* Clicking on customer main menu **************
2022-02-11 15:55:06,192  INFO [main] nopCommerceSDET:141 - ********* Clicking on customer sub menu **************
2022-02-11 15:55:18,166  INFO [main] nopCommerceSDET:188 - ********* Saving customer details **************
2022-02-11 15:55:21,558  INFO [main] nopCommerceSDET:117 - ************* cloding browser *****************
2022-02-11 15:56:47,794  INFO [main] nopCommerceSDET:63 - ************* Launching Browser *****************
2022-02-11 15:56:47,873  INFO [main] nopCommerceSDET:69 - ************* Opening URL  *****************
2022-02-11 15:56:50,430  INFO [main] nopCommerceSDET:77 - ************* Provding user and password *****************
2022-02-11 15:56:50,841  INFO [main] nopCommerceSDET:84 - ************* click on login *****************
2022-02-11 15:56:53,929  INFO [main] nopCommerceSDET:127 - ********* Verifying Dashboad page title after login successful **************
2022-02-11 15:56:56,947  INFO [main] nopCommerceSDET:134 - ********* Clicking on customer main menu **************
2022-02-11 15:56:59,039  INFO [main] nopCommerceSDET:141 - ********* Clicking on customer sub menu **************
2022-02-11 15:57:39,099  INFO [main] nopCommerceSDET:188 - ********* Saving customer details **************
2022-02-11 15:57:42,811  INFO [main] nopCommerceSDET:117 - ************* cloding browser *****************
2022-02-11 15:57:54,779  INFO [main] nopCommerceSDET:63 - ************* Launching Browser *****************
2022-02-11 15:57:54,852  INFO [main] nopCommerceSDET:69 - ************* Opening URL  *****************
2022-02-11 15:57:56,840  INFO [main] nopCommerceSDET:77 - ************* Provding user and password *****************
2022-02-11 15:57:57,218  INFO [main] nopCommerceSDET:84 - ************* click on login *****************
2022-02-11 15:58:00,398  INFO [main] nopCommerceSDET:127 - ********* Verifying Dashboad page title after login successful **************
2022-02-11 15:58:03,415  INFO [main] nopCommerceSDET:134 - ********* Clicking on customer main menu **************
2022-02-11 15:58:05,522  INFO [main] nopCommerceSDET:141 - ********* Clicking on customer sub menu **************
2022-02-11 16:08:17,694  INFO [main] nopCommerceSDET:63 - ************* Launching Browser *****************
2022-02-11 16:08:17,741  INFO [main] nopCommerceSDET:69 - ************* Opening URL  *****************
2022-02-11 16:08:19,990  INFO [main] nopCommerceSDET:77 - ************* Provding user and password *****************
2022-02-11 16:08:20,407  INFO [main] nopCommerceSDET:84 - ************* click on login *****************
2022-02-11 16:08:24,097  INFO [main] nopCommerceSDET:127 - ********* Verifying Dashboad page title after login successful **************
2022-02-11 16:08:27,146  INFO [main] nopCommerceSDET:134 - ********* Clicking on customer main menu **************
2022-02-11 16:08:29,319  INFO [main] nopCommerceSDET:141 - ********* Clicking on customer sub menu **************
2022-02-11 16:08:42,595  INFO [main] nopCommerceSDET:188 - ********* Saving customer details **************
2022-02-11 16:08:46,312  INFO [main] nopCommerceSDET:117 - ************* cloding browser *****************
2022-02-11 16:54:16,426  INFO [main] nopCommerceSDET:63 - ************* Launching Browser *****************
2022-02-11 16:54:16,496  INFO [main] nopCommerceSDET:69 - ************* Opening URL  *****************
2022-02-11 16:54:18,535  INFO [main] nopCommerceSDET:77 - ************* Provding user and password *****************
2022-02-11 16:54:18,975  INFO [main] nopCommerceSDET:84 - ************* click on login *****************
2022-02-11 16:54:22,527  INFO [main] nopCommerceSDET:127 - ********* Verifying Dashboad page title after login successful **************
2022-02-11 16:54:25,551  INFO [main] nopCommerceSDET:134 - ********* Clicking on customer main menu **************
2022-02-11 16:54:27,710  INFO [main] nopCommerceSDET:141 - ********* Clicking on customer sub menu **************
2022-02-11 16:57:09,020  INFO [main] nopCommerceSDET:63 - ************* Launching Browser *****************
2022-02-11 16:57:09,099  INFO [main] nopCommerceSDET:69 - ************* Opening URL  *****************
2022-02-11 16:57:10,964  INFO [main] nopCommerceSDET:77 - ************* Provding user and password *****************
2022-02-11 16:57:11,316  INFO [main] nopCommerceSDET:84 - ************* click on login *****************
2022-02-11 16:57:14,635  INFO [main] nopCommerceSDET:127 - ********* Verifying Dashboad page title after login successful **************
2022-02-11 16:57:17,659  INFO [main] nopCommerceSDET:134 - ********* Clicking on customer main menu **************
2022-02-11 16:57:19,773  INFO [main] nopCommerceSDET:141 - ********* Clicking on customer sub menu **************
2022-02-11 17:21:54,645  INFO [main] nopCommerceSDET:63 - ************* Launching Browser *****************
2022-02-11 17:21:54,686  INFO [main] nopCommerceSDET:69 - ************* Opening URL  *****************
2022-02-11 17:21:56,602  INFO [main] nopCommerceSDET:77 - ************* Provding user and password *****************
2022-02-11 17:21:56,921  INFO [main] nopCommerceSDET:84 - ************* click on login *****************
2022-02-11 17:21:59,249  INFO [main] nopCommerceSDET:127 - ********* Verifying Dashboad page title after login successful **************
2022-02-11 17:22:02,276  INFO [main] nopCommerceSDET:134 - ********* Clicking on customer main menu **************
2022-02-11 17:22:04,397  INFO [main] nopCommerceSDET:141 - ********* Clicking on customer sub menu **************
2022-02-11 17:22:54,537  INFO [main] nopCommerceSDET:63 - ************* Launching Browser *****************
2022-02-11 17:22:54,596  INFO [main] nopCommerceSDET:69 - ************* Opening URL  *****************
2022-02-11 17:22:56,497  INFO [main] nopCommerceSDET:77 - ************* Provding user and password *****************
2022-02-11 17:22:56,849  INFO [main] nopCommerceSDET:84 - ************* click on login *****************
2022-02-11 17:22:59,875  INFO [main] nopCommerceSDET:127 - ********* Verifying Dashboad page title after login successful **************
2022-02-11 17:23:02,899  INFO [main] nopCommerceSDET:134 - ********* Clicking on customer main menu **************
2022-02-11 17:23:05,004  INFO [main] nopCommerceSDET:141 - ********* Clicking on customer sub menu **************
2022-02-11 17:27:48,006  INFO [main] nopCommerceSDET:63 - ************* Launching Browser *****************
2022-02-11 17:27:48,045  INFO [main] nopCommerceSDET:69 - ************* Opening URL  *****************
2022-02-11 17:27:49,979  INFO [main] nopCommerceSDET:77 - ************* Provding user and password *****************
2022-02-11 17:27:50,360  INFO [main] nopCommerceSDET:84 - ************* click on login *****************
2022-02-11 17:27:53,666  INFO [main] nopCommerceSDET:127 - ********* Verifying Dashboad page title after login successful **************
2022-02-11 17:27:56,683  INFO [main] nopCommerceSDET:134 - ********* Clicking on customer main menu **************
2022-02-11 17:27:58,812  INFO [main] nopCommerceSDET:141 - ********* Clicking on customer sub menu **************
2022-02-11 17:30:29,850  INFO [main] nopCommerceSDET:63 - ************* Launching Browser *****************
2022-02-11 17:30:29,901  INFO [main] nopCommerceSDET:69 - ************* Opening URL  *****************
2022-02-11 17:30:32,074  INFO [main] nopCommerceSDET:77 - ************* Provding user and password *****************
2022-02-11 17:30:32,506  INFO [main] nopCommerceSDET:84 - ************* click on login *****************
2022-02-11 17:30:35,583  INFO [main] nopCommerceSDET:127 - ********* Verifying Dashboad page title after login successful **************
2022-02-11 17:30:38,639  INFO [main] nopCommerceSDET:134 - ********* Clicking on customer main menu **************
2022-02-11 17:30:40,769  INFO [main] nopCommerceSDET:141 - ********* Clicking on customer sub menu **************
2022-02-11 17:35:56,491  INFO [main] nopCommerceSDET:63 - ************* Launching Browser *****************
2022-02-11 17:35:56,570  INFO [main] nopCommerceSDET:69 - ************* Opening URL  *****************
2022-02-11 17:35:58,651  INFO [main] nopCommerceSDET:77 - ************* Provding user and password *****************
2022-02-11 17:35:59,066  INFO [main] nopCommerceSDET:84 - ************* click on login *****************
2022-02-11 17:36:02,182  INFO [main] nopCommerceSDET:127 - ********* Verifying Dashboad page title after login successful **************
2022-02-11 17:36:05,249  INFO [main] nopCommerceSDET:134 - ********* Clicking on customer main menu **************
2022-02-11 17:36:07,356  INFO [main] nopCommerceSDET:141 - ********* Clicking on customer sub menu **************
2022-02-11 17:36:19,269  INFO [main] nopCommerceSDET:188 - ********* Saving customer details **************
2022-02-11 17:36:23,037  INFO [main] nopCommerceSDET:117 - ************* cloding browser *****************
2022-02-11 17:37:00,741  INFO [main] nopCommerceSDET:63 - ************* Launching Browser *****************
2022-02-11 17:37:00,802  INFO [main] nopCommerceSDET:69 - ************* Opening URL  *****************
2022-02-11 17:37:02,901  INFO [main] nopCommerceSDET:77 - ************* Provding user and password *****************
2022-02-11 17:37:03,305  INFO [main] nopCommerceSDET:84 - ************* click on login *****************
2022-02-11 17:37:06,405  INFO [main] nopCommerceSDET:127 - ********* Verifying Dashboad page title after login successful **************
2022-02-11 17:37:09,989  INFO [main] nopCommerceSDET:134 - ********* Clicking on customer main menu **************
2022-02-11 17:37:12,163  INFO [main] nopCommerceSDET:141 - ********* Clicking on customer sub menu **************
2022-02-11 17:38:35,811  INFO [main] nopCommerceSDET:63 - ************* Launching Browser *****************
2022-02-11 17:38:35,869  INFO [main] nopCommerceSDET:69 - ************* Opening URL  *****************
2022-02-11 17:38:37,684  INFO [main] nopCommerceSDET:77 - ************* Provding user and password *****************
2022-02-11 17:38:38,068  INFO [main] nopCommerceSDET:84 - ************* click on login *****************
2022-02-11 17:38:41,532  INFO [main] nopCommerceSDET:127 - ********* Verifying Dashboad page title after login successful **************
2022-02-11 17:38:44,541  INFO [main] nopCommerceSDET:134 - ********* Clicking on customer main menu **************
2022-02-11 17:38:46,695  INFO [main] nopCommerceSDET:141 - ********* Clicking on customer sub menu **************
2022-02-11 17:39:40,174  INFO [main] nopCommerceSDET:63 - ************* Launching Browser *****************
2022-02-11 17:39:40,275  INFO [main] nopCommerceSDET:69 - ************* Opening URL  *****************
2022-02-11 17:39:42,360  INFO [main] nopCommerceSDET:77 - ************* Provding user and password *****************
2022-02-11 17:39:42,755  INFO [main] nopCommerceSDET:84 - ************* click on login *****************
2022-02-11 17:39:46,094  INFO [main] nopCommerceSDET:127 - ********* Verifying Dashboad page title after login successful **************
2022-02-11 17:39:49,196  INFO [main] nopCommerceSDET:134 - ********* Clicking on customer main menu **************
2022-02-11 17:39:51,583  INFO [main] nopCommerceSDET:141 - ********* Clicking on customer sub menu **************
2022-02-11 17:40:04,368  INFO [main] nopCommerceSDET:188 - ********* Saving customer details **************
2022-02-11 17:40:07,829  INFO [main] nopCommerceSDET:117 - ************* cloding browser *****************
2022-02-11 17:40:30,045  INFO [main] nopCommerceSDET:63 - ************* Launching Browser *****************
2022-02-11 17:40:30,138  INFO [main] nopCommerceSDET:69 - ************* Opening URL  *****************
2022-02-11 17:40:32,257  INFO [main] nopCommerceSDET:77 - ************* Provding user and password *****************
2022-02-11 17:40:32,691  INFO [main] nopCommerceSDET:84 - ************* click on login *****************
2022-02-11 17:40:35,706  INFO [main] nopCommerceSDET:127 - ********* Verifying Dashboad page title after login successful **************
2022-02-11 17:40:38,731  INFO [main] nopCommerceSDET:134 - ********* Clicking on customer main menu **************
2022-02-11 17:40:40,868  INFO [main] nopCommerceSDET:141 - ********* Clicking on customer sub menu **************
2022-02-11 17:41:52,969  INFO [main] nopCommerceSDET:63 - ************* Launching Browser *****************
2022-02-11 17:41:53,007  INFO [main] nopCommerceSDET:69 - ************* Opening URL  *****************
2022-02-11 17:41:54,968  INFO [main] nopCommerceSDET:77 - ************* Provding user and password *****************
2022-02-11 17:41:55,345  INFO [main] nopCommerceSDET:84 - ************* click on login *****************
2022-02-11 17:41:59,228  INFO [main] nopCommerceSDET:127 - ********* Verifying Dashboad page title after login successful **************
2022-02-11 17:42:02,248  INFO [main] nopCommerceSDET:134 - ********* Clicking on customer main menu **************
2022-02-11 17:42:04,372  INFO [main] nopCommerceSDET:141 - ********* Clicking on customer sub menu **************
2022-02-11 17:42:16,254  INFO [main] nopCommerceSDET:188 - ********* Saving customer details **************
2022-02-11 17:42:19,600  INFO [main] nopCommerceSDET:117 - ************* cloding browser *****************
2022-02-11 17:50:51,589  INFO [main] nopCommerceSDET:63 - ************* Launching Browser *****************
2022-02-11 17:50:51,691  INFO [main] nopCommerceSDET:69 - ************* Opening URL  *****************
2022-02-11 17:50:53,838  INFO [main] nopCommerceSDET:77 - ************* Provding user and password *****************
2022-02-11 17:50:54,301  INFO [main] nopCommerceSDET:84 - ************* click on login *****************
2022-02-11 17:50:56,849  INFO [main] nopCommerceSDET:127 - ********* Verifying Dashboad page title after login successful **************
2022-02-11 17:50:59,860  INFO [main] nopCommerceSDET:134 - ********* Clicking on customer main menu **************
2022-02-11 17:51:02,067  INFO [main] nopCommerceSDET:141 - ********* Clicking on customer sub menu **************
2022-02-11 17:51:16,666  INFO [main] nopCommerceSDET:188 - ********* Saving customer details **************
2022-02-11 17:51:20,441  INFO [main] nopCommerceSDET:117 - ************* cloding browser *****************
2022-02-11 17:53:15,682  INFO [main] nopCommerceSDET:63 - ************* Launching Browser *****************
2022-02-11 17:53:15,752  INFO [main] nopCommerceSDET:69 - ************* Opening URL  *****************
2022-02-11 17:53:18,710  INFO [main] nopCommerceSDET:77 - ************* Provding user and password *****************
2022-02-11 17:53:19,181  INFO [main] nopCommerceSDET:84 - ************* click on login *****************
2022-02-11 17:53:23,638  INFO [main] nopCommerceSDET:127 - ********* Verifying Dashboad page title after login successful **************
2022-02-11 17:53:26,694  INFO [main] nopCommerceSDET:134 - ********* Clicking on customer main menu **************
2022-02-11 17:53:28,821  INFO [main] nopCommerceSDET:141 - ********* Clicking on customer sub menu **************
2022-02-11 17:55:26,231  INFO [main] nopCommerceSDET:63 - ************* Launching Browser *****************
2022-02-11 17:55:26,291  INFO [main] nopCommerceSDET:69 - ************* Opening URL  *****************
2022-02-11 17:55:28,065  INFO [main] nopCommerceSDET:77 - ************* Provding user and password *****************
2022-02-11 17:55:28,420  INFO [main] nopCommerceSDET:84 - ************* click on login *****************
2022-02-11 17:55:31,046  INFO [main] nopCommerceSDET:127 - ********* Verifying Dashboad page title after login successful **************
2022-02-11 17:55:34,072  INFO [main] nopCommerceSDET:134 - ********* Clicking on customer main menu **************
2022-02-11 17:55:36,457  INFO [main] nopCommerceSDET:141 - ********* Clicking on customer sub menu **************
2022-02-11 18:01:01,236  INFO [main] nopCommerceSDET:63 - ************* Launching Browser *****************
2022-02-11 18:01:01,276  INFO [main] nopCommerceSDET:69 - ************* Opening URL  *****************
2022-02-11 18:01:03,595  INFO [main] nopCommerceSDET:77 - ************* Provding user and password *****************
2022-02-11 18:01:03,948  INFO [main] nopCommerceSDET:84 - ************* click on login *****************
2022-02-11 18:01:06,997  INFO [main] nopCommerceSDET:127 - ********* Verifying Dashboad page title after login successful **************
2022-02-11 18:01:10,014  INFO [main] nopCommerceSDET:134 - ********* Clicking on customer main menu **************
2022-02-11 18:01:12,106  INFO [main] nopCommerceSDET:141 - ********* Clicking on customer sub menu **************
2022-02-11 18:01:23,972  INFO [main] nopCommerceSDET:188 - ********* Saving customer details **************
2022-02-11 18:01:27,316  INFO [main] nopCommerceSDET:117 - ************* cloding browser *****************
2022-02-11 18:05:50,710  INFO [main] nopCommerceSDET:63 - ************* Launching Browser *****************
2022-02-11 18:05:50,756  INFO [main] nopCommerceSDET:69 - ************* Opening URL  *****************
2022-02-11 18:05:52,976  INFO [main] nopCommerceSDET:77 - ************* Provding user and password *****************
2022-02-11 18:05:53,402  INFO [main] nopCommerceSDET:84 - ************* click on login *****************
2022-02-11 18:05:56,505  INFO [main] nopCommerceSDET:127 - ********* Verifying Dashboad page title after login successful **************
2022-02-11 18:05:59,528  INFO [main] nopCommerceSDET:134 - ********* Clicking on customer main menu **************
2022-02-11 18:06:01,635  INFO [main] nopCommerceSDET:141 - ********* Clicking on customer sub menu **************
2022-02-11 18:07:41,562  INFO [main] nopCommerceSDET:63 - ************* Launching Browser *****************
2022-02-11 18:07:41,610  INFO [main] nopCommerceSDET:69 - ************* Opening URL  *****************
2022-02-11 18:07:43,340  INFO [main] nopCommerceSDET:77 - ************* Provding user and password *****************
2022-02-11 18:07:43,662  INFO [main] nopCommerceSDET:84 - ************* click on login *****************
2022-02-11 18:07:46,993  INFO [main] nopCommerceSDET:127 - ********* Verifying Dashboad page title after login successful **************
2022-02-11 18:07:50,456  INFO [main] nopCommerceSDET:134 - ********* Clicking on customer main menu **************
2022-02-11 18:07:52,563  INFO [main] nopCommerceSDET:141 - ********* Clicking on customer sub menu **************
2022-02-11 18:10:55,721  INFO [main] nopCommerceSDET:63 - ************* Launching Browser *****************
2022-02-11 18:10:55,774  INFO [main] nopCommerceSDET:69 - ************* Opening URL  *****************
2022-02-11 18:10:57,730  INFO [main] nopCommerceSDET:77 - ************* Provding user and password *****************
2022-02-11 18:10:58,058  INFO [main] nopCommerceSDET:84 - ************* click on login *****************
2022-02-11 18:11:01,192  INFO [main] nopCommerceSDET:127 - ********* Verifying Dashboad page title after login successful **************
2022-02-11 18:11:04,206  INFO [main] nopCommerceSDET:134 - ********* Clicking on customer main menu **************
2022-02-11 18:11:06,364  INFO [main] nopCommerceSDET:141 - ********* Clicking on customer sub menu **************
2022-02-11 18:12:55,424  INFO [main] nopCommerceSDET:63 - ************* Launching Browser *****************
2022-02-11 18:12:55,480  INFO [main] nopCommerceSDET:69 - ************* Opening URL  *****************
2022-02-11 18:12:57,308  INFO [main] nopCommerceSDET:77 - ************* Provding user and password *****************
2022-02-11 18:12:57,666  INFO [main] nopCommerceSDET:84 - ************* click on login *****************
2022-02-11 18:13:01,026  INFO [main] nopCommerceSDET:127 - ********* Verifying Dashboad page title after login successful **************
2022-02-11 18:13:04,053  INFO [main] nopCommerceSDET:134 - ********* Clicking on customer main menu **************
2022-02-11 18:13:06,214  INFO [main] nopCommerceSDET:141 - ********* Clicking on customer sub menu **************
2022-02-11 18:13:18,096  INFO [main] nopCommerceSDET:188 - ********* Saving customer details **************
2022-02-11 18:13:21,428  INFO [main] nopCommerceSDET:117 - ************* cloding browser *****************
2022-02-11 18:14:41,247  INFO [main] nopCommerceSDET:63 - ************* Launching Browser *****************
2022-02-11 18:14:41,298  INFO [main] nopCommerceSDET:69 - ************* Opening URL  *****************
2022-02-11 18:14:43,195  INFO [main] nopCommerceSDET:77 - ************* Provding user and password *****************
2022-02-11 18:14:43,563  INFO [main] nopCommerceSDET:84 - ************* click on login *****************
2022-02-11 18:14:46,240  INFO [main] nopCommerceSDET:127 - ********* Verifying Dashboad page title after login successful **************
2022-02-11 18:14:49,251  INFO [main] nopCommerceSDET:134 - ********* Clicking on customer main menu **************
2022-02-11 18:14:51,372  INFO [main] nopCommerceSDET:141 - ********* Clicking on customer sub menu **************
2022-02-11 18:19:16,074  INFO [main] nopCommerceSDET:63 - ************* Launching Browser *****************
2022-02-11 18:19:16,124  INFO [main] nopCommerceSDET:69 - ************* Opening URL  *****************
2022-02-11 18:19:18,033  INFO [main] nopCommerceSDET:77 - ************* Provding user and password *****************
2022-02-11 18:19:18,408  INFO [main] nopCommerceSDET:84 - ************* click on login *****************
2022-02-11 18:19:21,411  INFO [main] nopCommerceSDET:127 - ********* Verifying Dashboad page title after login successful **************
2022-02-11 18:19:24,440  INFO [main] nopCommerceSDET:134 - ********* Clicking on customer main menu **************
2022-02-11 18:19:26,548  INFO [main] nopCommerceSDET:141 - ********* Clicking on customer sub menu **************
2022-02-11 18:19:37,988  INFO [main] nopCommerceSDET:188 - ********* Saving customer details **************
2022-02-11 18:19:41,279  INFO [main] nopCommerceSDET:117 - ************* cloding browser *****************
2022-02-11 18:20:20,959  INFO [main] nopCommerceSDET:63 - ************* Launching Browser *****************
2022-02-11 18:20:21,013  INFO [main] nopCommerceSDET:69 - ************* Opening URL  *****************
2022-02-11 18:20:23,133  INFO [main] nopCommerceSDET:77 - ************* Provding user and password *****************
2022-02-11 18:20:23,620  INFO [main] nopCommerceSDET:84 - ************* click on login *****************
2022-02-11 18:20:27,202  INFO [main] nopCommerceSDET:127 - ********* Verifying Dashboad page title after login successful **************
2022-02-11 18:20:30,940  INFO [main] nopCommerceSDET:134 - ********* Clicking on customer main menu **************
2022-02-11 18:20:33,032  INFO [main] nopCommerceSDET:141 - ********* Clicking on customer sub menu **************
2022-02-11 18:21:06,946  INFO [main] nopCommerceSDET:188 - ********* Saving customer details **************
2022-02-11 18:21:10,308  INFO [main] nopCommerceSDET:117 - ************* cloding browser *****************
2022-02-11 18:21:43,686  INFO [main] nopCommerceSDET:63 - ************* Launching Browser *****************
2022-02-11 18:21:43,743  INFO [main] nopCommerceSDET:69 - ************* Opening URL  *****************
2022-02-11 18:21:45,833  INFO [main] nopCommerceSDET:77 - ************* Provding user and password *****************
2022-02-11 18:21:46,280  INFO [main] nopCommerceSDET:84 - ************* click on login *****************
2022-02-11 18:21:49,350  INFO [main] nopCommerceSDET:127 - ********* Verifying Dashboad page title after login successful **************
2022-02-11 18:21:52,371  INFO [main] nopCommerceSDET:134 - ********* Clicking on customer main menu **************
2022-02-11 18:21:54,478  INFO [main] nopCommerceSDET:141 - ********* Clicking on customer sub menu **************
2022-02-11 18:22:19,070  INFO [main] nopCommerceSDET:188 - ********* Saving customer details **************
2022-02-11 18:22:22,531  INFO [main] nopCommerceSDET:117 - ************* cloding browser *****************
2022-02-11 18:22:32,050  INFO [main] nopCommerceSDET:63 - ************* Launching Browser *****************
2022-02-11 18:22:32,126  INFO [main] nopCommerceSDET:69 - ************* Opening URL  *****************
2022-02-11 18:22:33,264  INFO [main] nopCommerceSDET:77 - ************* Provding user and password *****************
2022-02-11 18:22:33,575  INFO [main] nopCommerceSDET:84 - ************* click on login *****************
2022-02-11 18:22:36,331  INFO [main] nopCommerceSDET:127 - ********* Verifying Dashboad page title after login successful **************
2022-02-11 18:22:39,378  INFO [main] nopCommerceSDET:134 - ********* Clicking on customer main menu **************
2022-02-11 18:22:41,518  INFO [main] nopCommerceSDET:141 - ********* Clicking on customer sub menu **************
2022-02-11 18:22:53,624  INFO [main] nopCommerceSDET:188 - ********* Saving customer details **************
2022-02-11 18:22:56,934  INFO [main] nopCommerceSDET:117 - ************* cloding browser *****************
2022-02-11 18:23:23,762  INFO [main] nopCommerceSDET:63 - ************* Launching Browser *****************
2022-02-11 18:23:23,810  INFO [main] nopCommerceSDET:69 - ************* Opening URL  *****************
2022-02-11 18:23:25,696  INFO [main] nopCommerceSDET:77 - ************* Provding user and password *****************
2022-02-11 18:23:26,059  INFO [main] nopCommerceSDET:84 - ************* click on login *****************
2022-02-11 18:23:32,828  INFO [main] nopCommerceSDET:127 - ********* Verifying Dashboad page title after login successful **************
2022-02-11 18:36:21,703  INFO [main] nopCommerceSDET:63 - ************* Launching Browser *****************
2022-02-11 18:36:21,732  INFO [main] nopCommerceSDET:69 - ************* Opening URL  *****************
2022-02-11 18:36:23,646  INFO [main] nopCommerceSDET:77 - ************* Provding user and password *****************
2022-02-11 18:36:23,980  INFO [main] nopCommerceSDET:84 - ************* click on login *****************
2022-02-11 18:36:27,026  INFO [main] nopCommerceSDET:127 - ********* Verifying Dashboad page title after login successful **************
2022-02-11 18:36:30,049  INFO [main] nopCommerceSDET:134 - ********* Clicking on customer main menu **************
2022-02-11 18:36:32,157  INFO [main] nopCommerceSDET:141 - ********* Clicking on customer sub menu **************
2022-02-11 18:36:43,948  INFO [main] nopCommerceSDET:188 - ********* Saving customer details **************
2022-02-11 18:36:47,320  INFO [main] nopCommerceSDET:117 - ************* cloding browser *****************
2022-02-11 18:41:38,280  INFO [main] nopCommerceSDET:63 - ************* Launching Browser *****************
2022-02-11 18:41:38,348  INFO [main] nopCommerceSDET:69 - ************* Opening URL  *****************
2022-02-11 18:41:40,282  INFO [main] nopCommerceSDET:77 - ************* Provding user and password *****************
2022-02-11 18:41:40,626  INFO [main] nopCommerceSDET:84 - ************* click on login *****************
2022-02-11 18:41:43,138  INFO [main] nopCommerceSDET:127 - ********* Verifying Dashboad page title after login successful **************
2022-02-11 18:41:46,156  INFO [main] nopCommerceSDET:134 - ********* Clicking on customer main menu **************
2022-02-11 18:41:48,279  INFO [main] nopCommerceSDET:141 - ********* Clicking on customer sub menu **************
2022-02-11 18:42:54,872  INFO [main] nopCommerceSDET:63 - ************* Launching Browser *****************
2022-02-11 18:42:54,952  INFO [main] nopCommerceSDET:69 - ************* Opening URL  *****************
2022-02-11 18:42:57,123  INFO [main] nopCommerceSDET:77 - ************* Provding user and password *****************
2022-02-11 18:42:57,525  INFO [main] nopCommerceSDET:84 - ************* click on login *****************
2022-02-11 18:43:00,799  INFO [main] nopCommerceSDET:127 - ********* Verifying Dashboad page title after login successful **************
2022-02-11 18:43:03,816  INFO [main] nopCommerceSDET:134 - ********* Clicking on customer main menu **************
2022-02-11 18:43:05,918  INFO [main] nopCommerceSDET:141 - ********* Clicking on customer sub menu **************
2022-02-11 23:35:55,920  INFO [main] nopCommerceSDET:63 - ************* Launching Browser *****************
2022-02-11 23:35:55,957  INFO [main] nopCommerceSDET:69 - ************* Opening URL  *****************
2022-02-11 23:35:58,021  INFO [main] nopCommerceSDET:77 - ************* Provding user and password *****************
2022-02-11 23:35:58,340  INFO [main] nopCommerceSDET:84 - ************* click on login *****************
2022-02-11 23:36:01,357  INFO [main] nopCommerceSDET:127 - ********* Verifying Dashboad page title after login successful **************
2022-02-11 23:36:04,394  INFO [main] nopCommerceSDET:134 - ********* Clicking on customer main menu **************
2022-02-11 23:36:06,568  INFO [main] nopCommerceSDET:141 - ********* Clicking on customer sub menu **************
2022-02-11 23:36:21,284  INFO [main] nopCommerceSDET:188 - ********* Saving customer details **************
2022-02-11 23:36:24,904  INFO [main] nopCommerceSDET:117 - ************* cloding browser *****************
2022-02-12 17:43:54,342  INFO [main] nopCommerceSDET:64 - ************* Launching Browser *****************
2022-02-12 17:43:54,408  INFO [main] nopCommerceSDET:70 - ************* Opening URL  *****************
2022-02-12 17:43:57,856  INFO [main] nopCommerceSDET:78 - ************* Provding user and password *****************
2022-02-12 17:43:58,232  INFO [main] nopCommerceSDET:85 - ************* click on login *****************
2022-02-12 17:44:03,541  INFO [main] nopCommerceSDET:128 - ********* Verifying Dashboad page title after login successful **************
2022-02-12 17:44:06,583  INFO [main] nopCommerceSDET:135 - ********* Clicking on customer main menu **************
2022-02-12 17:44:08,706  INFO [main] nopCommerceSDET:142 - ********* Clicking on customer sub menu **************
2022-02-12 17:45:04,949  INFO [main] nopCommerceSDET:64 - ************* Launching Browser *****************
2022-02-12 17:45:05,023  INFO [main] nopCommerceSDET:70 - ************* Opening URL  *****************
2022-02-12 17:45:07,451  INFO [main] nopCommerceSDET:78 - ************* Provding user and password *****************
2022-02-12 17:45:08,280  INFO [main] nopCommerceSDET:85 - ************* click on login *****************
2022-02-12 17:45:12,534  INFO [main] nopCommerceSDET:128 - ********* Verifying Dashboad page title after login successful **************
2022-02-12 17:45:14,713  INFO [main] nopCommerceSDET:64 - ************* Launching Browser *****************
2022-02-12 17:45:14,787  INFO [main] nopCommerceSDET:70 - ************* Opening URL  *****************
2022-02-12 17:45:15,594  INFO [main] nopCommerceSDET:135 - ********* Clicking on customer main menu **************
2022-02-12 17:45:17,040  INFO [main] nopCommerceSDET:78 - ************* Provding user and password *****************
2022-02-12 17:45:17,492  INFO [main] nopCommerceSDET:85 - ************* click on login *****************
2022-02-12 17:45:17,785  INFO [main] nopCommerceSDET:142 - ********* Clicking on customer sub menu **************
2022-02-12 17:45:20,869  INFO [main] nopCommerceSDET:128 - ********* Verifying Dashboad page title after login successful **************
2022-02-12 17:45:23,912  INFO [main] nopCommerceSDET:135 - ********* Clicking on customer main menu **************
2022-02-12 17:45:26,112  INFO [main] nopCommerceSDET:142 - ********* Clicking on customer sub menu **************
2022-02-12 17:48:11,275  INFO [main] nopCommerceSDET:64 - ************* Launching Browser *****************
2022-02-12 17:48:11,327  INFO [main] nopCommerceSDET:70 - ************* Opening URL  *****************
2022-02-12 17:48:13,715  INFO [main] nopCommerceSDET:78 - ************* Provding user and password *****************
2022-02-12 17:48:14,109  INFO [main] nopCommerceSDET:85 - ************* click on login *****************
2022-02-12 17:48:19,447  INFO [main] nopCommerceSDET:128 - ********* Verifying Dashboad page title after login successful **************
2022-02-12 17:48:22,465  INFO [main] nopCommerceSDET:135 - ********* Clicking on customer main menu **************
2022-02-12 17:48:24,629  INFO [main] nopCommerceSDET:142 - ********* Clicking on customer sub menu **************
2022-02-12 20:55:16,018  INFO [main] nopCommerceSDET:64 - ************* Launching Browser *****************
2022-02-12 20:55:16,057  INFO [main] nopCommerceSDET:70 - ************* Opening URL  *****************
2022-02-12 20:55:18,264  INFO [main] nopCommerceSDET:78 - ************* Provding user and password *****************
2022-02-12 20:55:18,570  INFO [main] nopCommerceSDET:85 - ************* click on login *****************
2022-02-12 20:55:21,863  INFO [main] nopCommerceSDET:128 - ********* Verifying Dashboad page title after login successful **************
2022-02-12 20:55:24,887  INFO [main] nopCommerceSDET:135 - ********* Clicking on customer main menu **************
2022-02-12 20:55:26,978  INFO [main] nopCommerceSDET:142 - ********* Clicking on customer sub menu **************
2022-02-12 21:35:42,470  INFO [main] nopCommerceSDET:64 - ************* Launching Browser *****************
2022-02-12 21:35:42,538  INFO [main] nopCommerceSDET:70 - ************* Opening URL  *****************
2022-02-12 21:35:44,544  INFO [main] nopCommerceSDET:78 - ************* Provding user and password *****************
2022-02-12 21:35:44,864  INFO [main] nopCommerceSDET:85 - ************* click on login *****************
2022-02-12 21:35:48,105  INFO [main] nopCommerceSDET:128 - ********* Verifying Dashboad page title after login successful **************
2022-02-12 21:35:51,136  INFO [main] nopCommerceSDET:135 - ********* Clicking on customer main menu **************
2022-02-12 21:36:30,182  INFO [main] nopCommerceSDET:64 - ************* Launching Browser *****************
2022-02-12 21:36:30,232  INFO [main] nopCommerceSDET:70 - ************* Opening URL  *****************
2022-02-12 21:36:31,961  INFO [main] nopCommerceSDET:78 - ************* Provding user and password *****************
2022-02-12 21:36:32,382  INFO [main] nopCommerceSDET:85 - ************* click on login *****************
2022-02-12 21:36:35,468  INFO [main] nopCommerceSDET:128 - ********* Verifying Dashboad page title after login successful **************
2022-02-12 21:36:38,490  INFO [main] nopCommerceSDET:135 - ********* Clicking on customer main menu **************
2022-02-12 21:37:20,888  INFO [main] nopCommerceSDET:64 - ************* Launching Browser *****************
2022-02-12 21:37:20,939  INFO [main] nopCommerceSDET:70 - ************* Opening URL  *****************
2022-02-12 21:37:22,769  INFO [main] nopCommerceSDET:78 - ************* Provding user and password *****************
2022-02-12 21:37:23,111  INFO [main] nopCommerceSDET:85 - ************* click on login *****************
2022-02-12 21:37:26,525  INFO [main] nopCommerceSDET:128 - ********* Verifying Dashboad page title after login successful **************
2022-02-12 21:37:29,564  INFO [main] nopCommerceSDET:135 - ********* Clicking on customer main menu **************
2022-02-12 21:39:26,850  INFO [main] nopCommerceSDET:64 - ************* Launching Browser *****************
2022-02-12 21:39:26,889  INFO [main] nopCommerceSDET:70 - ************* Opening URL  *****************
2022-02-12 21:39:28,738  INFO [main] nopCommerceSDET:78 - ************* Provding user and password *****************
2022-02-12 21:39:29,094  INFO [main] nopCommerceSDET:85 - ************* click on login *****************
2022-02-12 21:39:31,435  INFO [main] nopCommerceSDET:128 - ********* Verifying Dashboad page title after login successful **************
2022-02-12 21:39:34,462  INFO [main] nopCommerceSDET:135 - ********* Clicking on customer main menu **************
2022-02-12 21:42:33,507  INFO [main] nopCommerceSDET:64 - ************* Launching Browser *****************
2022-02-12 21:42:33,547  INFO [main] nopCommerceSDET:70 - ************* Opening URL  *****************
2022-02-12 21:42:35,376  INFO [main] nopCommerceSDET:78 - ************* Provding user and password *****************
2022-02-12 21:42:35,705  INFO [main] nopCommerceSDET:85 - ************* click on login *****************
2022-02-12 21:42:39,177  INFO [main] nopCommerceSDET:128 - ********* Verifying Dashboad page title after login successful **************
2022-02-12 21:42:42,190  INFO [main] nopCommerceSDET:135 - ********* Clicking on customer main menu **************
2022-02-12 21:46:43,540  INFO [main] nopCommerceSDET:64 - ************* Launching Browser *****************
2022-02-12 21:46:43,580  INFO [main] nopCommerceSDET:70 - ************* Opening URL  *****************
2022-02-12 21:46:45,359  INFO [main] nopCommerceSDET:78 - ************* Provding user and password *****************
2022-02-12 21:46:45,684  INFO [main] nopCommerceSDET:85 - ************* click on login *****************
2022-02-12 21:46:48,790  INFO [main] nopCommerceSDET:128 - ********* Verifying Dashboad page title after login successful **************
2022-02-12 21:46:51,811  INFO [main] nopCommerceSDET:135 - ********* Clicking on customer main menu **************
2022-02-13 12:45:52,087  INFO [main] nopCommerceSDET:64 - ************* Launching Browser *****************
2022-02-13 12:45:52,131  INFO [main] nopCommerceSDET:70 - ************* Opening URL  *****************
2022-02-13 12:45:54,999  INFO [main] nopCommerceSDET:78 - ************* Provding user and password *****************
2022-02-13 12:45:55,312  INFO [main] nopCommerceSDET:85 - ************* click on login *****************
2022-02-13 12:45:59,567  INFO [main] nopCommerceSDET:128 - ********* Verifying Dashboad page title after login successful **************
2022-02-13 12:46:02,736  INFO [main] nopCommerceSDET:135 - ********* Clicking on customer main menu **************
2022-02-13 12:48:42,995  INFO [main] nopCommerceSDET:64 - ************* Launching Browser *****************
2022-02-13 12:48:43,036  INFO [main] nopCommerceSDET:70 - ************* Opening URL  *****************
2022-02-13 12:48:45,213  INFO [main] nopCommerceSDET:78 - ************* Provding user and password *****************
2022-02-13 12:48:45,525  INFO [main] nopCommerceSDET:85 - ************* click on login *****************
2022-02-13 12:48:48,689  INFO [main] nopCommerceSDET:128 - ********* Verifying Dashboad page title after login successful **************
2022-02-13 12:48:51,713  INFO [main] nopCommerceSDET:135 - ********* Clicking on customer main menu **************
2022-02-13 12:53:01,293  INFO [main] nopCommerceSDET:64 - ************* Launching Browser *****************
2022-02-13 12:53:01,342  INFO [main] nopCommerceSDET:70 - ************* Opening URL  *****************
2022-02-13 12:53:03,239  INFO [main] nopCommerceSDET:78 - ************* Provding user and password *****************
2022-02-13 12:53:03,546  INFO [main] nopCommerceSDET:85 - ************* click on login *****************
2022-02-13 12:53:06,664  INFO [main] nopCommerceSDET:128 - ********* Verifying Dashboad page title after login successful **************
2022-02-13 12:53:09,689  INFO [main] nopCommerceSDET:135 - ********* Clicking on customer main menu **************
2022-02-13 12:54:30,093  INFO [main] nopCommerceSDET:64 - ************* Launching Browser *****************
2022-02-13 12:54:30,156  INFO [main] nopCommerceSDET:70 - ************* Opening URL  *****************
2022-02-13 12:54:31,930  INFO [main] nopCommerceSDET:78 - ************* Provding user and password *****************
2022-02-13 12:54:32,219  INFO [main] nopCommerceSDET:85 - ************* click on login *****************
2022-02-13 12:54:35,423  INFO [main] nopCommerceSDET:128 - ********* Verifying Dashboad page title after login successful **************
2022-02-13 12:54:38,434  INFO [main] nopCommerceSDET:135 - ********* Clicking on customer main menu **************
2022-02-13 12:55:33,635  INFO [main] nopCommerceSDET:64 - ************* Launching Browser *****************
2022-02-13 12:55:33,676  INFO [main] nopCommerceSDET:70 - ************* Opening URL  *****************
2022-02-13 12:55:35,547  INFO [main] nopCommerceSDET:78 - ************* Provding user and password *****************
2022-02-13 12:55:35,861  INFO [main] nopCommerceSDET:85 - ************* click on login *****************
2022-02-13 12:55:38,802  INFO [main] nopCommerceSDET:128 - ********* Verifying Dashboad page title after login successful **************
2022-02-13 12:55:41,824  INFO [main] nopCommerceSDET:135 - ********* Clicking on customer main menu **************
2022-02-13 16:45:19,319  INFO [main] nopCommerceSDET:64 - ************* Launching Browser *****************
2022-02-13 16:45:19,360  INFO [main] nopCommerceSDET:70 - ************* Opening URL  *****************
2022-02-13 16:45:21,622  INFO [main] nopCommerceSDET:78 - ************* Provding user and password *****************
2022-02-13 16:45:21,923  INFO [main] nopCommerceSDET:85 - ************* click on login *****************
2022-02-13 16:45:24,682  INFO [main] nopCommerceSDET:128 - ********* Verifying Dashboad page title after login successful **************
2022-02-13 16:45:27,704  INFO [main] nopCommerceSDET:135 - ********* Clicking on customer main menu **************
2022-02-13 16:51:11,300  INFO [main] nopCommerceSDET:64 - ************* Launching Browser *****************
2022-02-13 16:51:11,331  INFO [main] nopCommerceSDET:70 - ************* Opening URL  *****************
2022-02-13 16:51:13,635  INFO [main] nopCommerceSDET:78 - ************* Provding user and password *****************
2022-02-13 16:51:13,888  INFO [main] nopCommerceSDET:85 - ************* click on login *****************
2022-02-13 16:51:16,989  INFO [main] nopCommerceSDET:128 - ********* Verifying Dashboad page title after login successful **************
2022-02-13 16:51:20,009  INFO [main] nopCommerceSDET:135 - ********* Clicking on customer main menu **************
2022-02-13 17:10:08,430  INFO [main] nopCommerceSDET:58 - ************* Launching Browser *****************
2022-02-13 17:10:08,471  INFO [main] nopCommerceSDET:64 - ************* Opening URL  *****************
2022-02-13 17:10:10,767  INFO [main] nopCommerceSDET:72 - ************* Provding user and password *****************
2022-02-13 17:10:11,034  INFO [main] nopCommerceSDET:79 - ************* click on login *****************
2022-02-13 17:10:14,053  INFO [main] nopCommerceSDET:119 - ********* Verifying Dashboad page title after login successful **************
2022-02-13 17:10:17,071  INFO [main] nopCommerceSDET:126 - ********* Clicking on customer main menu **************
2022-02-13 17:25:37,000  INFO [main] nopCommerceSDET:58 - ************* Launching Browser *****************
2022-02-13 17:25:37,031  INFO [main] nopCommerceSDET:64 - ************* Opening URL  *****************
2022-02-13 17:25:39,322  INFO [main] nopCommerceSDET:72 - ************* Provding user and password *****************
2022-02-13 17:25:39,585  INFO [main] nopCommerceSDET:79 - ************* click on login *****************
2022-02-13 17:25:42,796  INFO [main] nopCommerceSDET:119 - ********* Verifying Dashboad page title after login successful **************
2022-02-13 17:25:45,824  INFO [main] nopCommerceSDET:126 - ********* Clicking on customer main menu **************
2022-02-13 17:57:58,312  INFO [main] nopCommerceSDET:58 - ************* Launching Browser *****************
2022-02-13 17:57:58,353  INFO [main] nopCommerceSDET:64 - ************* Opening URL  *****************
2022-02-13 17:58:00,690  INFO [main] nopCommerceSDET:72 - ************* Provding user and password *****************
2022-02-13 17:58:00,988  INFO [main] nopCommerceSDET:79 - ************* click on login *****************
2022-02-13 17:58:03,432  INFO [main] nopCommerceSDET:119 - ********* Verifying Dashboad page title after login successful **************
2022-02-13 17:58:06,454  INFO [main] nopCommerceSDET:126 - ********* Clicking on customer main menu **************
2022-02-13 17:58:49,192  INFO [main] nopCommerceSDET:58 - ************* Launching Browser *****************
2022-02-13 17:58:49,231  INFO [main] nopCommerceSDET:64 - ************* Opening URL  *****************
2022-02-13 17:58:51,528  INFO [main] nopCommerceSDET:72 - ************* Provding user and password *****************
2022-02-13 17:58:51,797  INFO [main] nopCommerceSDET:79 - ************* click on login *****************
2022-02-13 17:58:54,680  INFO [main] nopCommerceSDET:119 - ********* Verifying Dashboad page title after login successful **************
2022-02-13 17:58:57,704  INFO [main] nopCommerceSDET:126 - ********* Clicking on customer main menu **************
2022-02-13 18:04:29,782  INFO [main] nopCommerceSDET:58 - ************* Launching Browser *****************
2022-02-13 18:04:29,813  INFO [main] nopCommerceSDET:64 - ************* Opening URL  *****************
2022-02-13 18:04:32,121  INFO [main] nopCommerceSDET:72 - ************* Provding user and password *****************
2022-02-13 18:04:32,406  INFO [main] nopCommerceSDET:79 - ************* click on login *****************
2022-02-13 18:04:35,233  INFO [main] nopCommerceSDET:119 - ********* Verifying Dashboad page title after login successful **************
2022-02-13 18:04:38,246  INFO [main] nopCommerceSDET:126 - ********* Clicking on customer main menu **************
2022-02-13 18:09:09,548  INFO [main] nopCommerceSDET:58 - ************* Launching Browser *****************
2022-02-13 18:09:09,595  INFO [main] nopCommerceSDET:64 - ************* Opening URL  *****************
2022-02-13 18:09:11,858  INFO [main] nopCommerceSDET:72 - ************* Provding user and password *****************
2022-02-13 18:09:12,112  INFO [main] nopCommerceSDET:79 - ************* click on login *****************
2022-02-13 18:09:15,016  INFO [main] nopCommerceSDET:119 - ********* Verifying Dashboad page title after login successful **************
2022-02-13 18:09:18,023  INFO [main] nopCommerceSDET:126 - ********* Clicking on customer main menu **************
2022-02-13 18:09:22,271  INFO [main] nopCommerceSDET:240 - ********* Verifying Dashboad page title after login successful **************
2022-02-13 18:15:23,140  INFO [main] nopCommerceSDET:58 - ************* Launching Browser *****************
2022-02-13 18:15:23,171  INFO [main] nopCommerceSDET:64 - ************* Opening URL  *****************
2022-02-13 18:15:25,456  INFO [main] nopCommerceSDET:72 - ************* Provding user and password *****************
2022-02-13 18:15:25,704  INFO [main] nopCommerceSDET:79 - ************* click on login *****************
2022-02-13 18:15:28,646  INFO [main] nopCommerceSDET:119 - ********* Verifying Dashboad page title after login successful **************
2022-02-13 18:15:31,661  INFO [main] nopCommerceSDET:126 - ********* Clicking on customer main menu **************
2022-02-13 18:15:35,887  INFO [main] nopCommerceSDET:241 - ********* Verifying Customer role page title **************
2022-02-13 18:18:55,799  INFO [main] nopCommerceSDET:58 - ************* Launching Browser *****************
2022-02-13 18:18:55,830  INFO [main] nopCommerceSDET:64 - ************* Opening URL  *****************
2022-02-13 18:18:58,258  INFO [main] nopCommerceSDET:72 - ************* Provding user and password *****************
2022-02-13 18:18:58,558  INFO [main] nopCommerceSDET:79 - ************* click on login *****************
2022-02-13 18:19:01,606  INFO [main] nopCommerceSDET:119 - ********* Verifying Dashboad page title after login successful **************
2022-02-13 18:19:04,628  INFO [main] nopCommerceSDET:126 - ********* Clicking on customer main menu **************
2022-02-13 18:19:08,831  INFO [main] nopCommerceSDET:241 - ********* Verifying Customer role page title **************
2022-02-13 18:57:07,771  INFO [main] nopCommerceSDET:58 - ************* Launching Browser *****************
2022-02-13 18:57:07,807  INFO [main] nopCommerceSDET:64 - ************* Opening URL  *****************
2022-02-13 18:57:10,068  INFO [main] nopCommerceSDET:72 - ************* Provding user and password *****************
2022-02-13 18:57:10,334  INFO [main] nopCommerceSDET:79 - ************* click on login *****************
2022-02-13 18:57:17,384  INFO [main] nopCommerceSDET:119 - ********* Verifying Dashboad page title after login successful **************
2022-02-13 18:57:20,403  INFO [main] nopCommerceSDET:126 - ********* Clicking on customer main menu **************
2022-02-13 18:57:25,716  INFO [main] nopCommerceSDET:241 - ********* Verifying Customer role page title **************
2022-02-13 18:58:29,572  INFO [main] nopCommerceSDET:58 - ************* Launching Browser *****************
2022-02-13 18:58:29,623  INFO [main] nopCommerceSDET:64 - ************* Opening URL  *****************
2022-02-13 18:58:31,886  INFO [main] nopCommerceSDET:72 - ************* Provding user and password *****************
2022-02-13 18:58:32,140  INFO [main] nopCommerceSDET:79 - ************* click on login *****************
2022-02-13 18:58:35,094  INFO [main] nopCommerceSDET:119 - ********* Verifying Dashboad page title after login successful **************
2022-02-13 18:58:38,113  INFO [main] nopCommerceSDET:126 - ********* Clicking on customer main menu **************
2022-02-13 18:58:42,636  INFO [main] nopCommerceSDET:241 - ********* Verifying Customer role page title **************
2022-02-13 18:59:08,828  INFO [main] nopCommerceSDET:58 - ************* Launching Browser *****************
2022-02-13 18:59:08,869  INFO [main] nopCommerceSDET:64 - ************* Opening URL  *****************
2022-02-13 18:59:11,148  INFO [main] nopCommerceSDET:72 - ************* Provding user and password *****************
2022-02-13 18:59:11,417  INFO [main] nopCommerceSDET:79 - ************* click on login *****************
2022-02-13 18:59:13,728  INFO [main] nopCommerceSDET:119 - ********* Verifying Dashboad page title after login successful **************
2022-02-13 18:59:16,741  INFO [main] nopCommerceSDET:126 - ********* Clicking on customer main menu **************
2022-02-13 18:59:21,076  INFO [main] nopCommerceSDET:241 - ********* Verifying Customer role page title **************
2022-02-13 19:02:11,496  INFO [main] nopCommerceSDET:58 - ************* Launching Browser *****************
2022-02-13 19:02:11,527  INFO [main] nopCommerceSDET:64 - ************* Opening URL  *****************
2022-02-13 19:02:13,839  INFO [main] nopCommerceSDET:72 - ************* Provding user and password *****************
2022-02-13 19:02:14,093  INFO [main] nopCommerceSDET:79 - ************* click on login *****************
2022-02-13 19:02:16,362  INFO [main] nopCommerceSDET:119 - ********* Verifying Dashboad page title after login successful **************
2022-02-13 19:02:19,378  INFO [main] nopCommerceSDET:126 - ********* Clicking on customer main menu **************
2022-02-13 19:02:23,743  INFO [main] nopCommerceSDET:241 - ********* Verifying Customer role page title **************
2022-02-13 19:02:24,012  INFO [main] nopCommerceSDET:178 - ********* Saving customer details **************
2022-02-13 19:06:19,295  INFO [main] nopCommerceSDET:58 - ************* Launching Browser *****************
2022-02-13 19:06:19,356  INFO [main] nopCommerceSDET:64 - ************* Opening URL  *****************
2022-02-13 19:06:21,595  INFO [main] nopCommerceSDET:72 - ************* Provding user and password *****************
2022-02-13 19:06:21,849  INFO [main] nopCommerceSDET:79 - ************* click on login *****************
2022-02-13 19:06:24,711  INFO [main] nopCommerceSDET:119 - ********* Verifying Dashboad page title after login successful **************
2022-02-13 19:06:27,722  INFO [main] nopCommerceSDET:126 - ********* Clicking on customer main menu **************
2022-02-13 19:06:32,066  INFO [main] nopCommerceSDET:241 - ********* Verifying Customer role page title **************
2022-02-13 19:06:32,320  INFO [main] nopCommerceSDET:178 - ********* Saving customer details **************
2022-02-13 19:10:03,734  INFO [main] nopCommerceSDET:58 - ************* Launching Browser *****************
2022-02-13 19:10:03,766  INFO [main] nopCommerceSDET:64 - ************* Opening URL  *****************
2022-02-13 19:10:06,065  INFO [main] nopCommerceSDET:72 - ************* Provding user and password *****************
2022-02-13 19:10:06,368  INFO [main] nopCommerceSDET:79 - ************* click on login *****************
2022-02-13 19:10:08,757  INFO [main] nopCommerceSDET:119 - ********* Verifying Dashboad page title after login successful **************
2022-02-13 19:10:11,774  INFO [main] nopCommerceSDET:126 - ********* Clicking on customer main menu **************
2022-02-13 19:10:15,875  INFO [main] nopCommerceSDET:241 - ********* Verifying Customer role page title **************
2022-02-13 19:10:16,106  INFO [main] nopCommerceSDET:178 - ********* Saving customer details **************
2022-02-14 13:41:08,598  INFO [main] nopCommerceSDET:58 - ************* Launching Browser *****************
2022-02-14 13:41:08,629  INFO [main] nopCommerceSDET:64 - ************* Opening URL  *****************
2022-02-14 13:41:10,933  INFO [main] nopCommerceSDET:72 - ************* Provding user and password *****************
2022-02-14 13:41:11,218  INFO [main] nopCommerceSDET:79 - ************* click on login *****************
2022-02-14 13:41:13,612  INFO [main] nopCommerceSDET:119 - ********* Verifying Dashboad page title after login successful **************
2022-02-14 13:41:16,623  INFO [main] nopCommerceSDET:126 - ********* Clicking on customer main menu **************
2022-02-14 13:41:22,899  INFO [main] nopCommerceSDET:241 - ********* Verifying Customer role page title **************
2022-02-14 14:32:25,849  INFO [main] nopCommerceSDET:58 - ************* Launching Browser *****************
2022-02-14 14:32:25,896  INFO [main] nopCommerceSDET:64 - ************* Opening URL  *****************
2022-02-14 14:32:28,185  INFO [main] nopCommerceSDET:72 - ************* Provding user and password *****************
2022-02-14 14:32:28,432  INFO [main] nopCommerceSDET:79 - ************* click on login *****************
2022-02-14 14:32:32,291  INFO [main] nopCommerceSDET:119 - ********* Verifying Dashboad page title after login successful **************
2022-02-14 14:32:35,313  INFO [main] nopCommerceSDET:126 - ********* Clicking on customer main menu **************
2022-02-14 14:32:39,679  INFO [main] nopCommerceSDET:241 - ********* Verifying Customer role page title **************
2022-02-14 16:54:18,387  INFO [main] nopCommerceSDET:58 - ************* Launching Browser *****************
2022-02-14 16:54:18,433  INFO [main] nopCommerceSDET:64 - ************* Opening URL  *****************
2022-02-14 16:54:20,716  INFO [main] nopCommerceSDET:72 - ************* Provding user and password *****************
2022-02-14 16:54:21,017  INFO [main] nopCommerceSDET:79 - ************* click on login *****************
2022-02-14 16:54:23,940  INFO [main] nopCommerceSDET:119 - ********* Verifying Dashboad page title after login successful **************
2022-02-14 16:54:26,960  INFO [main] nopCommerceSDET:126 - ********* Clicking on customer main menu **************
2022-02-14 16:54:32,876  INFO [main] nopCommerceSDET:241 - ********* Verifying Customer role page title **************
2022-02-14 17:07:43,053  INFO [main] nopCommerceSDET:58 - ************* Launching Browser *****************
2022-02-14 17:07:43,100  INFO [main] nopCommerceSDET:64 - ************* Opening URL  *****************
2022-02-14 17:07:45,388  INFO [main] nopCommerceSDET:72 - ************* Provding user and password *****************
2022-02-14 17:07:45,636  INFO [main] nopCommerceSDET:79 - ************* click on login *****************
2022-02-14 17:07:48,033  INFO [main] nopCommerceSDET:119 - ********* Verifying Dashboad page title after login successful **************
2022-02-14 17:07:51,045  INFO [main] nopCommerceSDET:126 - ********* Clicking on customer main menu **************
2022-02-14 17:07:55,625  INFO [main] nopCommerceSDET:241 - ********* Verifying Customer role page title **************
2022-02-14 17:20:34,021  INFO [main] nopCommerceSDET:58 - ************* Launching Browser *****************
2022-02-14 17:20:34,052  INFO [main] nopCommerceSDET:64 - ************* Opening URL  *****************
2022-02-14 17:20:36,356  INFO [main] nopCommerceSDET:72 - ************* Provding user and password *****************
2022-02-14 17:20:36,637  INFO [main] nopCommerceSDET:79 - ************* click on login *****************
2022-02-14 17:20:40,454  INFO [main] nopCommerceSDET:119 - ********* Verifying Dashboad page title after login successful **************
2022-02-14 17:20:43,465  INFO [main] nopCommerceSDET:126 - ********* Clicking on customer main menu **************
2022-02-14 17:20:51,371  INFO [main] nopCommerceSDET:241 - ********* Verifying Customer role page title **************
2022-02-14 17:20:51,655  INFO [main] nopCommerceSDET:178 - ********* Saving customer details **************
2022-02-14 17:36:44,999  INFO [main] nopCommerceSDET:58 - ************* Launching Browser *****************
2022-02-14 17:36:45,030  INFO [main] nopCommerceSDET:64 - ************* Opening URL  *****************
2022-02-14 17:36:47,313  INFO [main] nopCommerceSDET:72 - ************* Provding user and password *****************
2022-02-14 17:36:47,583  INFO [main] nopCommerceSDET:79 - ************* click on login *****************
2022-02-14 17:36:49,916  INFO [main] nopCommerceSDET:119 - ********* Verifying Dashboad page title after login successful **************
2022-02-14 17:36:52,923  INFO [main] nopCommerceSDET:126 - ********* Clicking on customer main menu **************
2022-02-14 17:36:57,280  INFO [main] nopCommerceSDET:241 - ********* Verifying Customer role page title **************
2022-02-14 17:39:13,114  INFO [main] nopCommerceSDET:58 - ************* Launching Browser *****************
2022-02-14 17:39:13,146  INFO [main] nopCommerceSDET:64 - ************* Opening URL  *****************
2022-02-14 17:39:15,430  INFO [main] nopCommerceSDET:72 - ************* Provding user and password *****************
2022-02-14 17:39:15,678  INFO [main] nopCommerceSDET:79 - ************* click on login *****************
2022-02-14 17:39:19,636  INFO [main] nopCommerceSDET:119 - ********* Verifying Dashboad page title after login successful **************
2022-02-14 17:39:22,657  INFO [main] nopCommerceSDET:126 - ********* Clicking on customer main menu **************
2022-02-14 17:39:26,937  INFO [main] nopCommerceSDET:241 - ********* Verifying Customer role page title **************
2022-02-16 13:46:37,728  INFO [main] nopCommerceSDET:58 - ************* Launching Browser *****************
2022-02-16 13:46:37,796  INFO [main] nopCommerceSDET:64 - ************* Opening URL  *****************
2022-02-16 13:47:25,018  INFO [main] nopCommerceSDET:58 - ************* Launching Browser *****************
2022-02-16 13:47:25,089  INFO [main] nopCommerceSDET:64 - ************* Opening URL  *****************
2022-02-16 13:47:49,012  INFO [main] nopCommerceSDET:72 - ************* Provding user and password *****************
2022-02-16 13:47:49,386  INFO [main] nopCommerceSDET:79 - ************* click on login *****************
2022-02-16 13:47:57,756  INFO [main] nopCommerceSDET:119 - ********* Verifying Dashboad page title after login successful **************
2022-02-16 13:48:00,779  INFO [main] nopCommerceSDET:126 - ********* Clicking on customer main menu **************
2022-02-16 13:48:11,132  INFO [main] nopCommerceSDET:241 - ********* Verifying Customer role page title **************
2022-02-16 14:14:49,557  INFO [main] nopCommerceSDET:58 - ************* Launching Browser *****************
2022-02-16 14:14:49,642  INFO [main] nopCommerceSDET:64 - ************* Opening URL  *****************
2022-02-16 14:14:51,261  INFO [main] nopCommerceSDET:72 - ************* Provding user and password *****************
2022-02-16 14:14:51,646  INFO [main] nopCommerceSDET:79 - ************* click on login *****************
2022-02-16 14:14:56,889  INFO [main] nopCommerceSDET:119 - ********* Verifying Dashboad page title after login successful **************
2022-02-16 14:14:59,918  INFO [main] nopCommerceSDET:126 - ********* Clicking on customer main menu **************
2022-02-16 14:47:09,947  INFO [main] nopCommerceSDET:58 - ************* Launching Browser *****************
2022-02-16 14:47:10,018  INFO [main] nopCommerceSDET:64 - ************* Opening URL  *****************
2022-02-16 14:47:42,567  INFO [main] nopCommerceSDET:72 - ************* Provding user and password *****************
2022-02-16 14:47:42,897  INFO [main] nopCommerceSDET:79 - ************* click on login *****************
2022-02-16 14:47:53,708  INFO [main] nopCommerceSDET:119 - ********* Verifying Dashboad page title after login successful **************
2022-02-16 14:48:24,630  INFO [main] nopCommerceSDET:58 - ************* Launching Browser *****************
2022-02-16 14:48:24,681  INFO [main] nopCommerceSDET:64 - ************* Opening URL  *****************
2022-02-16 14:48:26,694  INFO [main] nopCommerceSDET:72 - ************* Provding user and password *****************
2022-02-16 14:48:26,949  INFO [main] nopCommerceSDET:79 - ************* click on login *****************
2022-02-16 14:48:29,611  INFO [main] nopCommerceSDET:119 - ********* Verifying Dashboad page title after login successful **************
2022-02-16 14:48:32,621  INFO [main] nopCommerceSDET:126 - ********* Clicking on customer main menu **************
2022-02-16 16:50:36,937  INFO [main] nopCommerceSDET:58 - ************* Launching Browser *****************
2022-02-16 16:50:36,979  INFO [main] nopCommerceSDET:64 - ************* Opening URL  *****************
2022-02-16 16:50:40,055  INFO [main] nopCommerceSDET:72 - ************* Provding user and password *****************
2022-02-16 16:50:40,372  INFO [main] nopCommerceSDET:79 - ************* click on login *****************
2022-02-16 16:50:53,115  INFO [main] nopCommerceSDET:119 - ********* Verifying Dashboad page title after login successful **************
2022-02-16 16:50:56,127  INFO [main] nopCommerceSDET:126 - ********* Clicking on customer main menu **************
2022-02-16 17:37:38,355  INFO [main] nopCommerceSDET:58 - ************* Launching Browser *****************
2022-02-16 17:37:38,456  INFO [main] nopCommerceSDET:64 - ************* Opening URL  *****************
2022-02-16 17:37:40,510  INFO [main] nopCommerceSDET:72 - ************* Provding user and password *****************
2022-02-16 17:37:40,815  INFO [main] nopCommerceSDET:79 - ************* click on login *****************
2022-02-16 17:37:45,279  INFO [main] nopCommerceSDET:119 - ********* Verifying Dashboad page title after login successful **************
2022-02-16 17:37:48,307  INFO [main] nopCommerceSDET:126 - ********* Clicking on customer main menu **************
2022-02-16 17:43:34,615  INFO [main] nopCommerceSDET:58 - ************* Launching Browser *****************
2022-02-16 17:43:34,653  INFO [main] nopCommerceSDET:64 - ************* Opening URL  *****************
2022-02-16 17:43:36,541  INFO [main] nopCommerceSDET:72 - ************* Provding user and password *****************
2022-02-16 17:43:36,857  INFO [main] nopCommerceSDET:79 - ************* click on login *****************
2022-02-16 17:43:39,616  INFO [main] nopCommerceSDET:119 - ********* Verifying Dashboad page title after login successful **************
2022-02-16 17:43:42,627  INFO [main] nopCommerceSDET:126 - ********* Clicking on customer main menu **************
2022-02-16 17:43:54,140  INFO [main] nopCommerceSDET:178 - ********* Saving customer details **************
2022-02-16 17:47:41,052  INFO [main] nopCommerceSDET:58 - ************* Launching Browser *****************
2022-02-16 17:47:41,150  INFO [main] nopCommerceSDET:64 - ************* Opening URL  *****************
2022-02-16 17:47:47,649  INFO [main] nopCommerceSDET:72 - ************* Provding user and password *****************
2022-02-16 17:47:48,004  INFO [main] nopCommerceSDET:79 - ************* click on login *****************
2022-02-16 17:47:51,647  INFO [main] nopCommerceSDET:119 - ********* Verifying Dashboad page title after login successful **************
2022-02-16 17:47:54,664  INFO [main] nopCommerceSDET:126 - ********* Clicking on customer main menu **************
2022-02-16 17:48:01,768  INFO [main] nopCommerceSDET:178 - ********* Saving customer details **************
2022-02-16 17:51:35,568  INFO [main] nopCommerceSDET:58 - ************* Launching Browser *****************
2022-02-16 17:51:35,615  INFO [main] nopCommerceSDET:64 - ************* Opening URL  *****************
2022-02-16 17:51:36,874  INFO [main] nopCommerceSDET:72 - ************* Provding user and password *****************
2022-02-16 17:51:37,198  INFO [main] nopCommerceSDET:79 - ************* click on login *****************
2022-02-16 17:51:39,623  INFO [main] nopCommerceSDET:119 - ********* Verifying Dashboad page title after login successful **************
2022-02-16 17:51:42,640  INFO [main] nopCommerceSDET:126 - ********* Clicking on customer main menu **************
2022-02-16 17:51:48,203  INFO [main] nopCommerceSDET:178 - ********* Saving customer details **************
2022-02-16 17:54:20,412  INFO [main] nopCommerceSDET:58 - ************* Launching Browser *****************
2022-02-16 17:54:20,478  INFO [main] nopCommerceSDET:64 - ************* Opening URL  *****************
2022-02-16 17:54:22,793  INFO [main] nopCommerceSDET:72 - ************* Provding user and password *****************
2022-02-16 17:54:23,071  INFO [main] nopCommerceSDET:79 - ************* click on login *****************
2022-02-16 17:54:26,222  INFO [main] nopCommerceSDET:119 - ********* Verifying Dashboad page title after login successful **************
2022-02-16 17:54:29,241  INFO [main] nopCommerceSDET:126 - ********* Clicking on customer main menu **************
2022-02-16 17:54:33,928  INFO [main] nopCommerceSDET:178 - ********* Saving customer details **************
2022-02-16 17:54:37,558  INFO [main] nopCommerceSDET:102 - ************* clciking on logout *****************
2022-02-16 17:54:41,766  INFO [main] nopCommerceSDET:109 - ************* cloding browser *****************
